<?xml version="1.0" encoding="UTF-8"?>
<!-- Generated by org.testng.reporters.JUnitXMLReporter -->
<testsuite hostname="DESKTOP-E75EO5A" ignored="6" name="Test" tests="1" failures="0" timestamp="30 三月 2018 10:10:17 GMT" time="46.787" errors="0">
  <testcase name="testWorkorderMonitorList" time="34.278" classname="ai.qa.autotest.ui.testcases.WorkOrderManagerTest"/>
  <testcase name="testWorkorderCreateDrama" time="0.0" classname="ai.qa.autotest.ui.testcases.WorkOrderManagerTest">
    <ignored/>
  </testcase> <!-- testWorkorderCreateDrama -->
  <testcase name="testCreateWorkorder" time="0.0" classname="ai.qa.autotest.ui.testcases.WorkOrderManagerTest">
    <ignored/>
  </testcase> <!-- testCreateWorkorder -->
  <testcase name="testWorkOrderManager" time="0.0" classname="ai.qa.autotest.ui.testcases.WorkOrderManagerTest">
    <ignored/>
  </testcase> <!-- testWorkOrderManager -->
  <testcase name="testSearchWorkOrder" time="0.0" classname="ai.qa.autotest.ui.testcases.WorkOrderManagerTest">
    <ignored/>
  </testcase> <!-- testSearchWorkOrder -->
  <testcase name="testWorkorderPointList" time="0.0" classname="ai.qa.autotest.ui.testcases.WorkOrderManagerTest">
    <ignored/>
  </testcase> <!-- testWorkorderPointList -->
  <testcase name="testWorkorderDramaList" time="0.0" classname="ai.qa.autotest.ui.testcases.WorkOrderManagerTest">
    <ignored/>
  </testcase> <!-- testWorkorderDramaList -->
</testsuite> <!-- Test -->
