<?xml version="1.0" encoding="UTF-8"?>
<testng-results skipped="0" failed="0" ignored="6" total="7" passed="1">
  <reporter-output>
  </reporter-output>
  <suite name="Suite" duration-ms="46787" started-at="2018-03-30T10:09:30Z" finished-at="2018-03-30T10:10:17Z">
    <groups>
    </groups>
    <test name="Test" duration-ms="46787" started-at="2018-03-30T10:09:30Z" finished-at="2018-03-30T10:10:17Z">
      <class name="ai.qa.autotest.ui.testcases.WorkOrderManagerTest">
        <test-method status="PASS" signature="initTest(org.testng.xml.XmlTest, org.testng.ITestContext)[pri:0, instance:ai.qa.autotest.ui.testcases.WorkOrderManagerTest@704921a5]" name="initTest" is-config="true" duration-ms="103" started-at="2018-03-30T10:09:30Z" finished-at="2018-03-30T10:09:30Z">
          <params>
            <param index="0">
              <value>
                <![CDATA[org.testng.xml.XmlTest@d39f90c9]]>
              </value>
            </param>
            <param index="1">
              <value>
                <![CDATA[org.testng.TestRunner@1d76aeea]]>
              </value>
            </param>
          </params>
          <reporter-output>
          </reporter-output>
        </test-method> <!-- initTest -->
        <test-method status="PASS" signature="initDriver(org.testng.ITestContext, java.lang.reflect.Method, org.testng.xml.XmlTest)[pri:0, instance:ai.qa.autotest.ui.testcases.WorkOrderManagerTest@704921a5]" name="initDriver" is-config="true" duration-ms="11553" started-at="2018-03-30T10:09:30Z" finished-at="2018-03-30T10:09:42Z">
          <params>
            <param index="0">
              <value>
                <![CDATA[org.testng.TestRunner@1d76aeea]]>
              </value>
            </param>
            <param index="1">
              <value>
                <![CDATA[public void ai.qa.autotest.ui.testcases.WorkOrderManagerTest.testWorkorderMonitorList() throws java.lang.Exception]]>
              </value>
            </param>
            <param index="2">
              <value>
                <![CDATA[org.testng.xml.XmlTest@d39f90c9]]>
              </value>
            </param>
          </params>
          <reporter-output>
          </reporter-output>
        </test-method> <!-- initDriver -->
        <test-method status="PASS" signature="testWorkorderMonitorList()[pri:0, instance:ai.qa.autotest.ui.testcases.WorkOrderManagerTest@704921a5]" name="testWorkorderMonitorList" duration-ms="34278" started-at="2018-03-30T10:09:42Z" finished-at="2018-03-30T10:10:16Z">
          <reporter-output>
          </reporter-output>
        </test-method> <!-- testWorkorderMonitorList -->
        <test-method status="PASS" signature="cleanEnv(org.testng.ITestResult, org.testng.xml.XmlTest, java.lang.reflect.Method, org.testng.ITestContext)[pri:0, instance:ai.qa.autotest.ui.testcases.WorkOrderManagerTest@704921a5]" name="cleanEnv" is-config="true" duration-ms="937" started-at="2018-03-30T10:10:16Z" finished-at="2018-03-30T10:10:17Z">
          <params>
            <param index="0">
              <value>
                <![CDATA[[TestResult name=testWorkorderMonitorList status=SUCCESS method=WorkOrderManagerTest.testWorkorderMonitorList()[pri:0, instance:ai.qa.autotest.ui.testcases.WorkOrderManagerTest@704921a5] output={null}]]]>
              </value>
            </param>
            <param index="1">
              <value>
                <![CDATA[org.testng.xml.XmlTest@d39f90c9]]>
              </value>
            </param>
            <param index="2">
              <value>
                <![CDATA[public void ai.qa.autotest.ui.testcases.WorkOrderManagerTest.testWorkorderMonitorList() throws java.lang.Exception]]>
              </value>
            </param>
            <param index="3">
              <value>
                <![CDATA[org.testng.TestRunner@1d76aeea]]>
              </value>
            </param>
          </params>
          <reporter-output>
          </reporter-output>
        </test-method> <!-- cleanEnv -->
        <test-method status="PASS" signature="terminTestSuite(org.testng.xml.XmlTest, org.testng.ITestContext)[pri:0, instance:ai.qa.autotest.ui.testcases.WorkOrderManagerTest@704921a5]" name="terminTestSuite" is-config="true" duration-ms="1" started-at="2018-03-30T10:10:17Z" finished-at="2018-03-30T10:10:17Z">
          <params>
            <param index="0">
              <value>
                <![CDATA[org.testng.xml.XmlTest@d39f90c9]]>
              </value>
            </param>
            <param index="1">
              <value>
                <![CDATA[org.testng.TestRunner@1d76aeea]]>
              </value>
            </param>
          </params>
          <reporter-output>
          </reporter-output>
        </test-method> <!-- terminTestSuite -->
      </class> <!-- ai.qa.autotest.ui.testcases.WorkOrderManagerTest -->
    </test> <!-- Test -->
  </suite> <!-- Suite -->
</testng-results>
